2026-05-10 23:14:39: INFO:     Started server process [38980]
2026-05-10 23:14:39: INFO:     Waiting for application startup.
2026-05-10 23:14:39: 2026-05-10 23:14:39,562 [INFO] sofia: Sofia Monitor started.
2026-05-10 23:14:39: 2026-05-10 23:14:39,564 [INFO] sofia.health: [HEALTH] Poll loop started.
2026-05-10 23:14:39: 2026-05-10 23:14:39,809 [INFO] sofia.logs: [LOGS] Log poll loop started.
2026-05-10 23:14:39: INFO:     Application startup complete.
2026-05-10 23:14:39: ERROR:    [Errno 10048] error while attempting to bind on address ('0.0.0.0', 5180): only one usage of each socket address (protocol/network address/port) is normally permitted
2026-05-10 23:14:39: INFO:     Waiting for application shutdown.
2026-05-10 23:14:39: 2026-05-10 23:14:39,813 [INFO] sofia: Sofia Monitor shutting down.
2026-05-10 23:14:39: INFO:     Application shutdown complete.
2026-05-10 23:14:40: INFO:     Started server process [8120]
2026-05-10 23:14:40: INFO:     Waiting for application startup.
2026-05-10 23:14:40: 2026-05-10 23:14:40,761 [INFO] sofia: Sofia Monitor started.
2026-05-10 23:14:40: 2026-05-10 23:14:40,761 [INFO] sofia.health: [HEALTH] Poll loop started.
2026-05-10 23:14:41: 2026-05-10 23:14:41,001 [INFO] sofia.logs: [LOGS] Log poll loop started.
2026-05-10 23:14:41: INFO:     Application startup complete.
2026-05-10 23:14:41: ERROR:    [Errno 10048] error while attempting to bind on address ('0.0.0.0', 5180): only one usage of each socket address (protocol/network address/port) is normally permitted
2026-05-10 23:14:41: INFO:     Waiting for application shutdown.
2026-05-10 23:14:41: 2026-05-10 23:14:41,003 [INFO] sofia: Sofia Monitor shutting down.
2026-05-10 23:14:41: INFO:     Application shutdown complete.
2026-05-10 23:14:42: INFO:     Started server process [14912]
2026-05-10 23:14:42: INFO:     Waiting for application startup.
2026-05-10 23:14:42: 2026-05-10 23:14:42,035 [INFO] sofia: Sofia Monitor started.
2026-05-10 23:14:42: 2026-05-10 23:14:42,035 [INFO] sofia.health: [HEALTH] Poll loop started.
2026-05-10 23:14:42: 2026-05-10 23:14:42,276 [INFO] sofia.logs: [LOGS] Log poll loop started.
2026-05-10 23:14:42: INFO:     Application startup complete.
2026-05-10 23:14:42: ERROR:    [Errno 10048] error while attempting to bind on address ('0.0.0.0', 5180): only one usage of each socket address (protocol/network address/port) is normally permitted
2026-05-10 23:14:42: INFO:     Waiting for application shutdown.
2026-05-10 23:14:42: 2026-05-10 23:14:42,279 [INFO] sofia: Sofia Monitor shutting down.
2026-05-10 23:14:42: INFO:     Application shutdown complete.
2026-05-10 23:14:43: INFO:     Started server process [46128]
2026-05-10 23:14:43: INFO:     Waiting for application startup.
2026-05-10 23:14:43: 2026-05-10 23:14:43,342 [INFO] sofia: Sofia Monitor started.
2026-05-10 23:14:43: 2026-05-10 23:14:43,343 [INFO] sofia.health: [HEALTH] Poll loop started.
2026-05-10 23:14:43: 2026-05-10 23:14:43,588 [INFO] sofia.logs: [LOGS] Log poll loop started.
2026-05-10 23:14:43: INFO:     Application startup complete.
2026-05-10 23:14:43: ERROR:    [Errno 10048] error while attempting to bind on address ('0.0.0.0', 5180): only one usage of each socket address (protocol/network address/port) is normally permitted
2026-05-10 23:14:43: INFO:     Waiting for application shutdown.
2026-05-10 23:14:43: 2026-05-10 23:14:43,591 [INFO] sofia: Sofia Monitor shutting down.
2026-05-10 23:14:43: INFO:     Application shutdown complete.
2026-05-10 23:14:44: INFO:     Started server process [48668]
2026-05-10 23:14:44: INFO:     Waiting for application startup.
2026-05-10 23:14:44: 2026-05-10 23:14:44,798 [INFO] sofia: Sofia Monitor started.
2026-05-10 23:14:44: 2026-05-10 23:14:44,800 [INFO] sofia.health: [HEALTH] Poll loop started.
2026-05-10 23:14:45: 2026-05-10 23:14:45,040 [INFO] sofia.logs: [LOGS] Log poll loop started.
2026-05-10 23:14:45: INFO:     Application startup complete.
2026-05-10 23:14:45: ERROR:    [Errno 10048] error while attempting to bind on address ('0.0.0.0', 5180): only one usage of each socket address (protocol/network address/port) is normally permitted
2026-05-10 23:14:45: INFO:     Waiting for application shutdown.
2026-05-10 23:14:45: 2026-05-10 23:14:45,044 [INFO] sofia: Sofia Monitor shutting down.
2026-05-10 23:14:45: INFO:     Application shutdown complete.
